	<INFO   - config.loadPRM():51>
PRM Factory: create PRM from studentprofPRM.xml
	<DEBUG  - parser.end_element():448>
TODO: UPDATE DOCUMENTATION FOR REFERENCE UNCERTAINTY
	<INFO   - config.loadDI():62>
DataInterface Factory: create DataInterface from studentprofDI.xml
	<INFO   - datainterface.datasetinterfaceFactory():95>
	DataSet: studentprof.10.sqlite (SQLite)
	<INFO   - config.loadLearner():75>
Learner Factory: create CPDTabularLearner
	<INFO   - studentprof.<module>():58>
====================================================================================
	<INFO   - engine.infer():93>
Inference for: P(Student.success | Professor.funding,Professor.fame)
	<DEBUG  - sqliteinterface.loadExistParents():599>
SELECT Professor.professor_id,Professor.professor_id,Professor.funding FROM Professor;
	<DEBUG  - engine.addParents():243>
Adding Reference vertex for Student.success.1
	<INFO   - engine.infer():99>
-- Ground Bayesian Network --
All      : 22 vertices
	Student.success (1),Professor.fame (10),Professor.funding (10),advisor.exist (1)
Sampling : 2 vertices
	Student.success (1),advisor.exist (1)
	<INFO   - mh.run():65>
Chain 1, Running Metropolis Hastings sampler (1000 iterations)
	<INFO   - mh.run():65>
Chain 2, Running Metropolis Hastings sampler (1000 iterations)
	<INFO   - mh.run():65>
Chain 3, Running Metropolis Hastings sampler (1000 iterations)
	<INFO   - mh.run():65>
Chain 4, Running Metropolis Hastings sampler (1000 iterations)
	<INFO   - mh.run():65>
Chain 5, Running Metropolis Hastings sampler (1000 iterations)
	<INFO   - mh.run():65>
Chain 6, Running Metropolis Hastings sampler (1000 iterations)
	<INFO   - mh.run():65>
Chain 7, Running Metropolis Hastings sampler (1000 iterations)
	<INFO   - mh.run():65>
Chain 8, Running Metropolis Hastings sampler (1000 iterations)
	<INFO   - mh.run():65>
Chain 9, Running Metropolis Hastings sampler (1000 iterations)
	<INFO   - mh.run():65>
Chain 10, Running Metropolis Hastings sampler (1000 iterations)
	<INFO   - posterior.histogramm():228>
WARNING: no posterior variable passed as argument for histogramm
